# JRE version: OpenJDK Runtime Environment (11.0.15+10) (build 11.0.15+10-Ubuntu-0ubuntu0.20.04.1)
# Java VM: OpenJDK 64-Bit Server VM (11.0.15+10-Ubuntu-0ubuntu0.20.04.1, mixed mode, sharing, tiered, compressed oops, g1 gc, linux-amd64)
Heap:
 garbage-first heap   total 256000K, used 51480K [0x0000000708400000, 0x0000000800000000)
  region size 1024K, 41 young (41984K), 8 survivors (8192K)
 Metaspace       used 34535K, capacity 35805K, committed 35920K, reserved 1079296K
  class space    used 4780K, capacity 5284K, committed 5376K, reserved 1048576K
GC Heap History (7 events):
Event: 0,274 GC heap before
{Heap before GC invocations=0 (full 0):
 garbage-first heap   total 256000K, used 25288K [0x0000000708400000, 0x0000000800000000)
  region size 1024K, 24 young (24576K), 0 survivors (0K)
 Metaspace       used 3772K, capacity 6445K, committed 6656K, reserved 1056768K
  class space    used 447K, capacity 757K, committed 768K, reserved 1048576K
}
Event: 0,280 GC heap after
{Heap after GC invocations=1 (full 0):
 garbage-first heap   total 256000K, used 6966K [0x0000000708400000, 0x0000000800000000)
  region size 1024K, 3 young (3072K), 3 survivors (3072K)
 Metaspace       used 3772K, capacity 6445K, committed 6656K, reserved 1056768K
  class space    used 447K, capacity 757K, committed 768K, reserved 1048576K
}
Event: 1,026 GC heap before
{Heap before GC invocations=1 (full 0):
 garbage-first heap   total 256000K, used 142134K [0x0000000708400000, 0x0000000800000000)
  region size 1024K, 136 young (139264K), 3 survivors (3072K)
 Metaspace       used 20159K, capacity 21123K, committed 21296K, reserved 1067008K
  class space    used 2692K, capacity 3083K, committed 3200K, reserved 1048576K
}
Event: 1,035 GC heap after
{Heap after GC invocations=2 (full 0):
 garbage-first heap   total 256000K, used 12891K [0x0000000708400000, 0x0000000800000000)
  region size 1024K, 9 young (9216K), 9 survivors (9216K)
 Metaspace       used 20159K, capacity 21123K, committed 21296K, reserved 1067008K
  class space    used 2692K, capacity 3083K, committed 3200K, reserved 1048576K
}
Event: 1,723 GC heap before
{Heap before GC invocations=3 (full 0):
 garbage-first heap   total 256000K, used 136795K [0x0000000708400000, 0x0000000800000000)
  region size 1024K, 130 young (133120K), 9 survivors (9216K)
 Metaspace       used 33053K, capacity 34328K, committed 34480K, reserved 1079296K
  class space    used 4602K, capacity 5112K, committed 5120K, reserved 1048576K
}
Event: 1,731 GC heap after
{Heap after GC invocations=4 (full 0):
 garbage-first heap   total 256000K, used 17688K [0x0000000708400000, 0x0000000800000000)
  region size 1024K, 14 young (14336K), 14 survivors (14336K)
 Metaspace       used 33053K, capacity 34328K, committed 34480K, reserved 1079296K
  class space    used 4602K, capacity 5112K, committed 5120K, reserved 1048576K
}
Event: 1,878 GC heap before
{Heap before GC invocations=4 (full 0):
 garbage-first heap   total 256000K, used 50456K [0x0000000708400000, 0x0000000800000000)
  region size 1024K, 47 young (48128K), 14 survivors (14336K)
 Metaspace       used 34535K, capacity 35805K, committed 35920K, reserved 1079296K
  class space    used 4780K, capacity 5284K, committed 5376K, reserved 1048576K
}

