<?xml version="1.0" encoding="UTF-8"?>
<testsuite xmlns:xsi="http://www.w3.org/2001/XMLSchema-instance" xsi:noNamespaceSchemaLocation="https://maven.apache.org/surefire/maven-surefire-plugin/xsd/surefire-test-report.xsd" name="com.lab7.AppTest" time="2.655" tests="3" errors="0" skipped="0" failures="0">
  <properties>
[...]
</properties>
  <testcase name="availableEndpoint" classname="com.lab7.AppTest" time="1.451"/>
  <testcase name="listAllTodosGet198And199" classname="com.lab7.AppTest" time="0.906"/>
  <testcase name="queryTodo4" classname="com.lab7.AppTest" time="0.284"/>
</testsuite>