# JRE version: OpenJDK Runtime Environment Temurin-17.0.2+8 (17.0.2+8) (build 17.0.2+8)
# Java VM: OpenJDK 64-Bit Server VM Temurin-17.0.2+8 (17.0.2+8, mixed mode, tiered, compressed oops, compressed class ptrs, parallel gc, linux-amd64)
GC Precious Log:
 CPUs: 12 total, 12 available
 Memory: 15850M
 Large Page Support: Disabled
 NUMA Support: Disabled
 Compressed Oops: Enabled (32-bit)
 Alignments: Space 512K, Generation 512K, Heap 2M
 Heap Min Capacity: 100M
 Heap Initial Capacity: 100M
 Heap Max Capacity: 1G
 Pre-touch: Disabled
 Parallel Workers: 10
Heap:
 PSYoungGen      total 91648K, used 91624K [0x00000000eab00000, 0x00000000f4400000, 0x0000000100000000)
  eden space 65536K, 100% used [0x00000000eab00000,0x00000000eeb00000,0x00000000eeb00000)
  from space 26112K, 99% used [0x00000000f2a80000,0x00000000f43fa2a8,0x00000000f4400000)
  to   space 37888K, 89% used [0x00000000efa00000,0x00000000f1af8710,0x00000000f1f00000)
 ParOldGen       total 627200K, used 552157K [0x00000000c0000000, 0x00000000e6480000, 0x00000000eab00000)
  object space 627200K, 88% used [0x00000000c0000000,0x00000000e1b37608,0x00000000e6480000)
 Metaspace       used 72168K, committed 73088K, reserved 1114112K
  class space    used 7795K, committed 8192K, reserved 1048576K
GC Heap History (20 events):
Event: 46,912 GC heap after
{Heap after GC invocations=80 (full 8):
 PSYoungGen      total 58368K, used 16890K [0x00000000eab00000, 0x00000000f0780000, 0x0000000100000000)
  eden space 41472K, 0% used [0x00000000eab00000,0x00000000eab00000,0x00000000ed380000)
  from space 16896K, 99% used [0x00000000ed380000,0x00000000ee3fe9d8,0x00000000ee400000)
  to   space 25600K, 0% used [0x00000000eee80000,0x00000000eee80000,0x00000000f0780000)
 ParOldGen       total 235520K, used 228841K [0x00000000c0000000, 0x00000000ce600000, 0x00000000eab00000)
  object space 235520K, 97% used [0x00000000c0000000,0x00000000cdf7a458,0x00000000ce600000)
 Metaspace       used 68688K, committed 69568K, reserved 1114112K
  class space    used 7478K, committed 7936K, reserved 1048576K
}
Event: 46,912 GC heap before
{Heap before GC invocations=81 (full 9):
 PSYoungGen      total 58368K, used 16890K [0x00000000eab00000, 0x00000000f0780000, 0x0000000100000000)
  eden space 41472K, 0% used [0x00000000eab00000,0x00000000eab00000,0x00000000ed380000)
  from space 16896K, 99% used [0x00000000ed380000,0x00000000ee3fe9d8,0x00000000ee400000)
  to   space 25600K, 0% used [0x00000000eee80000,0x00000000eee80000,0x00000000f0780000)
 ParOldGen       total 235520K, used 228841K [0x00000000c0000000, 0x00000000ce600000, 0x00000000eab00000)
  object space 235520K, 97% used [0x00000000c0000000,0x00000000cdf7a458,0x00000000ce600000)
 Metaspace       used 68688K, committed 69568K, reserved 1114112K
  class space    used 7478K, committed 7936K, reserved 1048576K
}
Event: 46,989 GC heap after
{Heap after GC invocations=81 (full 9):
 PSYoungGen      total 58368K, used 7951K [0x00000000eab00000, 0x00000000f0900000, 0x0000000100000000)
  eden space 41472K, 0% used [0x00000000eab00000,0x00000000eab00000,0x00000000ed380000)
  from space 16896K, 47% used [0x00000000ed380000,0x00000000edb43fa8,0x00000000ee400000)
  to   space 25600K, 0% used [0x00000000ef000000,0x00000000ef000000,0x00000000f0900000)
 ParOldGen       total 294912K, used 235174K [0x00000000c0000000, 0x00000000d2000000, 0x00000000eab00000)
  object space 294912K, 79% used [0x00000000c0000000,0x00000000ce5a9bc8,0x00000000d2000000)
 Metaspace       used 68688K, committed 69568K, reserved 1114112K
  class space    used 7478K, committed 7936K, reserved 1048576K
}
Event: 47,054 GC heap before
{Heap before GC invocations=82 (full 9):
 PSYoungGen      total 58368K, used 49423K [0x00000000eab00000, 0x00000000f0900000, 0x0000000100000000)
  eden space 41472K, 100% used [0x00000000eab00000,0x00000000ed380000,0x00000000ed380000)
  from space 16896K, 47% used [0x00000000ed380000,0x00000000edb43fa8,0x00000000ee400000)
  to   space 25600K, 0% used [0x00000000ef000000,0x00000000ef000000,0x00000000f0900000)
 ParOldGen       total 294912K, used 235174K [0x00000000c0000000, 0x00000000d2000000, 0x00000000eab00000)
  object space 294912K, 79% used [0x00000000c0000000,0x00000000ce5a9bc8,0x00000000d2000000)
 Metaspace       used 68688K, committed 69568K, reserved 1114112K
  class space    used 7478K, committed 7936K, reserved 1048576K
}
Event: 47,065 GC heap after
{Heap after GC invocations=82 (full 9):
 PSYoungGen      total 57856K, used 12695K [0x00000000eab00000, 0x00000000efc80000, 0x0000000100000000)
  eden space 45056K, 0% used [0x00000000eab00000,0x00000000eab00000,0x00000000ed700000)
  from space 12800K, 99% used [0x00000000ef000000,0x00000000efc65c50,0x00000000efc80000)
  to   space 16896K, 0% used [0x00000000edb80000,0x00000000edb80000,0x00000000eec00000)
 ParOldGen       total 294912K, used 240301K [0x00000000c0000000, 0x00000000d2000000, 0x00000000eab00000)
  object space 294912K, 81% used [0x00000000c0000000,0x00000000ceaab490,0x00000000d2000000)
 Metaspace       used 68688K, committed 69568K, reserved 1114112K
  class space    used 7478K, committed 7936K, reserved 1048576K
}
Event: 47,133 GC heap before
{Heap before GC invocations=83 (full 9):
 PSYoungGen      total 57856K, used 57751K [0x00000000eab00000, 0x00000000efc80000, 0x0000000100000000)
  eden space 45056K, 100% used [0x00000000eab00000,0x00000000ed700000,0x00000000ed700000)
  from space 12800K, 99% used [0x00000000ef000000,0x00000000efc65c50,0x00000000efc80000)
  to   space 16896K, 0% used [0x00000000edb80000,0x00000000edb80000,0x00000000eec00000)
 ParOldGen       total 294912K, used 240301K [0x00000000c0000000, 0x00000000d2000000, 0x00000000eab00000)
  object space 294912K, 81% used [0x00000000c0000000,0x00000000ceaab490,0x00000000d2000000)
 Metaspace       used 68690K, committed 69568K, reserved 1114112K
  class space    used 7478K, committed 7936K, reserved 1048576K
}
Event: 47,138 GC heap after
{Heap after GC invocations=83 (full 9):
 PSYoungGen      total 65536K, used 16889K [0x00000000eab00000, 0x00000000f0a80000, 0x0000000100000000)
  eden space 48640K, 0% used [0x00000000eab00000,0x00000000eab00000,0x00000000eda80000)
  from space 16896K, 99% used [0x00000000edb80000,0x00000000eebfe5b0,0x00000000eec00000)
  to   space 24576K, 0% used [0x00000000ef280000,0x00000000ef280000,0x00000000f0a80000)
 ParOldGen       total 294912K, used 246016K [0x00000000c0000000, 0x00000000d2000000, 0x00000000eab00000)
  object space 294912K, 83% used [0x00000000c0000000,0x00000000cf0403e8,0x00000000d2000000)
 Metaspace       used 68690K, committed 69568K, reserved 1114112K
  class space    used 7478K, committed 7936K, reserved 1048576K
}
Event: 47,212 GC heap before
{Heap before GC invocations=84 (full 9):
 PSYoungGen      total 65536K, used 65529K [0x00000000eab00000, 0x00000000f0a80000, 0x0000000100000000)
  eden space 48640K, 100% used [0x00000000eab00000,0x00000000eda80000,0x00000000eda80000)
  from space 16896K, 99% used [0x00000000edb80000,0x00000000eebfe5b0,0x00000000eec00000)
  to   space 24576K, 0% used [0x00000000ef280000,0x00000000ef280000,0x00000000f0a80000)
 ParOldGen       total 294912K, used 246016K [0x00000000c0000000, 0x00000000d2000000, 0x00000000eab00000)
  object space 294912K, 83% used [0x00000000c0000000,0x00000000cf0403e8,0x00000000d2000000)
 Metaspace       used 68690K, committed 69568K, reserved 1114112K
  class space    used 7478K, committed 7936K, reserved 1048576K
}
Event: 47,219 GC heap after
{Heap after GC invocations=84 (full 9):
 PSYoungGen      total 73216K, used 18984K [0x00000000eab00000, 0x00000000f0680000, 0x0000000100000000)
  eden space 52736K, 0% used [0x00000000eab00000,0x00000000eab00000,0x00000000ede80000)
  from space 20480K, 92% used [0x00000000ef280000,0x00000000f050a108,0x00000000f0680000)
  to   space 20480K, 0% used [0x00000000ede80000,0x00000000ede80000,0x00000000ef280000)
 ParOldGen       total 294912K, used 255731K [0x00000000c0000000, 0x00000000d2000000, 0x00000000eab00000)
  object space 294912K, 86% used [0x00000000c0000000,0x00000000cf9bcc48,0x00000000d2000000)
 Metaspace       used 68690K, committed 69568K, reserved 1114112K
  class space    used 7478K, committed 7936K, reserved 1048576K
}
Event: 47,283 GC heap before
{Heap before GC invocations=85 (full 9):
 PSYoungGen      total 73216K, used 71720K [0x00000000eab00000, 0x00000000f0680000, 0x0000000100000000)
  eden space 52736K, 100% used [0x00000000eab00000,0x00000000ede80000,0x00000000ede80000)
  from space 20480K, 92% used [0x00000000ef280000,0x00000000f050a108,0x00000000f0680000)
  to   space 20480K, 0% used [0x00000000ede80000,0x00000000ede80000,0x00000000ef280000)
 ParOldGen       total 294912K, used 255731K [0x00000000c0000000, 0x00000000d2000000, 0x00000000eab00000)
  object space 294912K, 86% used [0x00000000c0000000,0x00000000cf9bcc48,0x00000000d2000000)
 Metaspace       used 68690K, committed 69568K, reserved 1114112K
  class space    used 7478K, committed 7936K, reserved 1048576K
}
Event: 47,291 GC heap after
{Heap after GC invocations=85 (full 9):
 PSYoungGen      total 73216K, used 20476K [0x00000000eab00000, 0x00000000f2800000, 0x0000000100000000)
  eden space 52736K, 0% used [0x00000000eab00000,0x00000000eab00000,0x00000000ede80000)
  from space 20480K, 99% used [0x00000000ede80000,0x00000000ef27f178,0x00000000ef280000)
  to   space 35328K, 0% used [0x00000000f0580000,0x00000000f0580000,0x00000000f2800000)
 ParOldGen       total 294912K, used 267757K [0x00000000c0000000, 0x00000000d2000000, 0x00000000eab00000)
  object space 294912K, 90% used [0x00000000c0000000,0x00000000d057b560,0x00000000d2000000)
 Metaspace       used 68690K, committed 69568K, reserved 1114112K
  class space    used 7478K, committed 7936K, reserved 1048576K
}
Event: 47,311 GC heap before
{Heap before GC invocations=86 (full 9):
 PSYoungGen      total 73216K, used 73212K [0x00000000eab00000, 0x00000000f2800000, 0x0000000100000000)
  eden space 52736K, 100% used [0x00000000eab00000,0x00000000ede80000,0x00000000ede80000)
  from space 20480K, 99% used [0x00000000ede80000,0x00000000ef27f178,0x00000000ef280000)
  to   space 35328K, 0% used [0x00000000f0580000,0x00000000f0580000,0x00000000f2800000)
 ParOldGen       total 294912K, used 267757K [0x00000000c0000000, 0x00000000d2000000, 0x00000000eab00000)
  object space 294912K, 90% used [0x00000000c0000000,0x00000000d057b560,0x00000000d2000000)
 Metaspace       used 68690K, committed 69568K, reserved 1114112K
  class space    used 7478K, committed 7936K, reserved 1048576K
}
Event: 47,318 GC heap after
{Heap after GC invocations=86 (full 9):
 PSYoungGen      total 87040K, used 28396K [0x00000000eab00000, 0x00000000f2180000, 0x0000000100000000)
  eden space 58368K, 0% used [0x00000000eab00000,0x00000000eab00000,0x00000000ee400000)
  from space 28672K, 99% used [0x00000000f0580000,0x00000000f213b008,0x00000000f2180000)
  to   space 30208K, 0% used [0x00000000ee680000,0x00000000ee680000,0x00000000f0400000)
 ParOldGen       total 294912K, used 280063K [0x00000000c0000000, 0x00000000d2000000, 0x00000000eab00000)
  object space 294912K, 94% used [0x00000000c0000000,0x00000000d117fcc0,0x00000000d2000000)
 Metaspace       used 68690K, committed 69568K, reserved 1114112K
  class space    used 7478K, committed 7936K, reserved 1048576K
}
Event: 47,670 GC heap before
{Heap before GC invocations=87 (full 9):
 PSYoungGen      total 87040K, used 86764K [0x00000000eab00000, 0x00000000f2180000, 0x0000000100000000)
  eden space 58368K, 100% used [0x00000000eab00000,0x00000000ee400000,0x00000000ee400000)
  from space 28672K, 99% used [0x00000000f0580000,0x00000000f213b008,0x00000000f2180000)
  to   space 30208K, 0% used [0x00000000ee680000,0x00000000ee680000,0x00000000f0400000)
 ParOldGen       total 294912K, used 280063K [0x00000000c0000000, 0x00000000d2000000, 0x00000000eab00000)
  object space 294912K, 94% used [0x00000000c0000000,0x00000000d117fcc0,0x00000000d2000000)
 Metaspace       used 68703K, committed 69632K, reserved 1114112K
  class space    used 7478K, committed 7936K, reserved 1048576K
}
Event: 47,682 GC heap after
{Heap after GC invocations=87 (full 9):
 PSYoungGen      total 91136K, used 30200K [0x00000000eab00000, 0x00000000f6680000, 0x0000000100000000)
  eden space 60928K, 0% used [0x00000000eab00000,0x00000000eab00000,0x00000000ee680000)
  from space 30208K, 99% used [0x00000000ee680000,0x00000000f03fe0f0,0x00000000f0400000)
  to   space 64000K, 0% used [0x00000000f2800000,0x00000000f2800000,0x00000000f6680000)
 ParOldGen       total 308736K, used 308505K [0x00000000c0000000, 0x00000000d2d80000, 0x00000000eab00000)
  object space 308736K, 99% used [0x00000000c0000000,0x00000000d2d46570,0x00000000d2d80000)
 Metaspace       used 68703K, committed 69632K, reserved 1114112K
  class space    used 7478K, committed 7936K, reserved 1048576K
}
Event: 47,682 GC heap before
{Heap before GC invocations=88 (full 10):
 PSYoungGen      total 91136K, used 30200K [0x00000000eab00000, 0x00000000f6680000, 0x0000000100000000)
  eden space 60928K, 0% used [0x00000000eab00000,0x00000000eab00000,0x00000000ee680000)
  from space 30208K, 99% used [0x00000000ee680000,0x00000000f03fe0f0,0x00000000f0400000)
  to   space 64000K, 0% used [0x00000000f2800000,0x00000000f2800000,0x00000000f6680000)
 ParOldGen       total 308736K, used 308505K [0x00000000c0000000, 0x00000000d2d80000, 0x00000000eab00000)
  object space 308736K, 99% used [0x00000000c0000000,0x00000000d2d46570,0x00000000d2d80000)
 Metaspace       used 68703K, committed 69632K, reserved 1114112K
  class space    used 7478K, committed 7936K, reserved 1048576K
}
Event: 47,840 GC heap after
{Heap after GC invocations=88 (full 10):
 PSYoungGen      total 91136K, used 27275K [0x00000000eab00000, 0x00000000f6900000, 0x0000000100000000)
  eden space 60928K, 0% used [0x00000000eab00000,0x00000000eab00000,0x00000000ee680000)
  from space 30208K, 90% used [0x00000000ee680000,0x00000000f0122e20,0x00000000f0400000)
  to   space 64000K, 0% used [0x00000000f2a80000,0x00000000f2a80000,0x00000000f6900000)
 ParOldGen       total 401408K, used 308725K [0x00000000c0000000, 0x00000000d8800000, 0x00000000eab00000)
  object space 401408K, 76% used [0x00000000c0000000,0x00000000d2d7d718,0x00000000d8800000)
 Metaspace       used 68703K, committed 69632K, reserved 1114112K
  class space    used 7478K, committed 7936K, reserved 1048576K
}
Event: 48,512 GC heap before
{Heap before GC invocations=89 (full 10):
 PSYoungGen      total 91136K, used 88203K [0x00000000eab00000, 0x00000000f6900000, 0x0000000100000000)
  eden space 60928K, 100% used [0x00000000eab00000,0x00000000ee680000,0x00000000ee680000)
  from space 30208K, 90% used [0x00000000ee680000,0x00000000f0122e20,0x00000000f0400000)
  to   space 64000K, 0% used [0x00000000f2a80000,0x00000000f2a80000,0x00000000f6900000)
 ParOldGen       total 401408K, used 308725K [0x00000000c0000000, 0x00000000d8800000, 0x00000000eab00000)
  object space 401408K, 76% used [0x00000000c0000000,0x00000000d2d7d718,0x00000000d8800000)
 Metaspace       used 68741K, committed 69632K, reserved 1114112K
  class space    used 7480K, committed 7936K, reserved 1048576K
}
Event: 48,529 GC heap after
{Heap after GC invocations=89 (full 10):
 PSYoungGen      total 91648K, used 26088K [0x00000000eab00000, 0x00000000f4400000, 0x0000000100000000)
  eden space 65536K, 0% used [0x00000000eab00000,0x00000000eab00000,0x00000000eeb00000)
  from space 26112K, 99% used [0x00000000f2a80000,0x00000000f43fa2a8,0x00000000f4400000)
  to   space 37888K, 0% used [0x00000000efa00000,0x00000000efa00000,0x00000000f1f00000)
 ParOldGen       total 401408K, used 326774K [0x00000000c0000000, 0x00000000d8800000, 0x00000000eab00000)
  object space 401408K, 81% used [0x00000000c0000000,0x00000000d3f1da90,0x00000000d8800000)
 Metaspace       used 68741K, committed 69632K, reserved 1114112K
  class space    used 7480K, committed 7936K, reserved 1048576K
}
Event: 52,297 GC heap before
{Heap before GC invocations=90 (full 10):
 PSYoungGen      total 91648K, used 91624K [0x00000000eab00000, 0x00000000f4400000, 0x0000000100000000)
  eden space 65536K, 100% used [0x00000000eab00000,0x00000000eeb00000,0x00000000eeb00000)
  from space 26112K, 99% used [0x00000000f2a80000,0x00000000f43fa2a8,0x00000000f4400000)
  to   space 37888K, 0% used [0x00000000efa00000,0x00000000efa00000,0x00000000f1f00000)
 ParOldGen       total 401408K, used 326774K [0x00000000c0000000, 0x00000000d8800000, 0x00000000eab00000)
  object space 401408K, 81% used [0x00000000c0000000,0x00000000d3f1da90,0x00000000d8800000)
 Metaspace       used 72168K, committed 73088K, reserved 1114112K
  class space    used 7795K, committed 8192K, reserved 1048576K
}

