# JRE version: OpenJDK Runtime Environment Temurin-17.0.2+8 (17.0.2+8) (build 17.0.2+8)
# Java VM: OpenJDK 64-Bit Server VM Temurin-17.0.2+8 (17.0.2+8, mixed mode, tiered, compressed oops, compressed class ptrs, parallel gc, linux-amd64)
GC Precious Log:
 CPUs: 12 total, 12 available
 Memory: 15850M
 Large Page Support: Disabled
 NUMA Support: Disabled
 Compressed Oops: Enabled (32-bit)
 Alignments: Space 512K, Generation 512K, Heap 2M
 Heap Min Capacity: 100M
 Heap Initial Capacity: 100M
 Heap Max Capacity: 1G
 Pre-touch: Disabled
 Parallel Workers: 10
Heap:
 PSYoungGen      total 47104K, used 12779K [0x00000000eab00000, 0x00000000f0380000, 0x0000000100000000)
  eden space 34304K, 0% used [0x00000000eab00000,0x00000000eab00000,0x00000000ecc80000)
  from space 12800K, 99% used [0x00000000ecc80000,0x00000000ed8faf08,0x00000000ed900000)
  to   space 28160K, 0% used [0x00000000ee800000,0x00000000ee800000,0x00000000f0380000)
 ParOldGen       total 357888K, used 354253K [0x00000000c0000000, 0x00000000d5d80000, 0x00000000eab00000)
  object space 357888K, 98% used [0x00000000c0000000,0x00000000d59f3668,0x00000000d5d80000)
 Metaspace       used 68909K, committed 69952K, reserved 1114112K
  class space    used 7579K, committed 8064K, reserved 1048576K
GC Heap History (20 events):
Event: 10,308 GC heap after
{Heap after GC invocations=107 (full 7):
 PSYoungGen      total 27136K, used 9707K [0x00000000eab00000, 0x00000000ed680000, 0x0000000100000000)
  eden space 17408K, 0% used [0x00000000eab00000,0x00000000eab00000,0x00000000ebc00000)
  from space 9728K, 99% used [0x00000000ec800000,0x00000000ed17ac68,0x00000000ed180000)
  to   space 12288K, 0% used [0x00000000ebc00000,0x00000000ebc00000,0x00000000ec800000)
 ParOldGen       total 357888K, used 292075K [0x00000000c0000000, 0x00000000d5d80000, 0x00000000eab00000)
  object space 357888K, 81% used [0x00000000c0000000,0x00000000d1d3ae18,0x00000000d5d80000)
 Metaspace       used 68896K, committed 69952K, reserved 1114112K
  class space    used 7579K, committed 8064K, reserved 1048576K
}
Event: 10,338 GC heap before
{Heap before GC invocations=108 (full 7):
 PSYoungGen      total 27136K, used 27115K [0x00000000eab00000, 0x00000000ed680000, 0x0000000100000000)
  eden space 17408K, 100% used [0x00000000eab00000,0x00000000ebc00000,0x00000000ebc00000)
  from space 9728K, 99% used [0x00000000ec800000,0x00000000ed17ac68,0x00000000ed180000)
  to   space 12288K, 0% used [0x00000000ebc00000,0x00000000ebc00000,0x00000000ec800000)
 ParOldGen       total 357888K, used 292075K [0x00000000c0000000, 0x00000000d5d80000, 0x00000000eab00000)
  object space 357888K, 81% used [0x00000000c0000000,0x00000000d1d3ae18,0x00000000d5d80000)
 Metaspace       used 68896K, committed 69952K, reserved 1114112K
  class space    used 7579K, committed 8064K, reserved 1048576K
}
Event: 10,342 GC heap after
{Heap after GC invocations=108 (full 7):
 PSYoungGen      total 25088K, used 7492K [0x00000000eab00000, 0x00000000ed000000, 0x0000000100000000)
  eden space 17408K, 0% used [0x00000000eab00000,0x00000000eab00000,0x00000000ebc00000)
  from space 7680K, 97% used [0x00000000ebc00000,0x00000000ec351258,0x00000000ec380000)
  to   space 9216K, 0% used [0x00000000ec700000,0x00000000ec700000,0x00000000ed000000)
 ParOldGen       total 357888K, used 298329K [0x00000000c0000000, 0x00000000d5d80000, 0x00000000eab00000)
  object space 357888K, 83% used [0x00000000c0000000,0x00000000d23565f0,0x00000000d5d80000)
 Metaspace       used 68896K, committed 69952K, reserved 1114112K
  class space    used 7579K, committed 8064K, reserved 1048576K
}
Event: 10,369 GC heap before
{Heap before GC invocations=109 (full 7):
 PSYoungGen      total 25088K, used 24900K [0x00000000eab00000, 0x00000000ed000000, 0x0000000100000000)
  eden space 17408K, 100% used [0x00000000eab00000,0x00000000ebc00000,0x00000000ebc00000)
  from space 7680K, 97% used [0x00000000ebc00000,0x00000000ec351258,0x00000000ec380000)
  to   space 9216K, 0% used [0x00000000ec700000,0x00000000ec700000,0x00000000ed000000)
 ParOldGen       total 357888K, used 298329K [0x00000000c0000000, 0x00000000d5d80000, 0x00000000eab00000)
  object space 357888K, 83% used [0x00000000c0000000,0x00000000d23565f0,0x00000000d5d80000)
 Metaspace       used 68896K, committed 69952K, reserved 1114112K
  class space    used 7579K, committed 8064K, reserved 1048576K
}
Event: 10,373 GC heap after
{Heap after GC invocations=109 (full 7):
 PSYoungGen      total 27648K, used 8037K [0x00000000eab00000, 0x00000000ecf00000, 0x0000000100000000)
  eden space 19456K, 0% used [0x00000000eab00000,0x00000000eab00000,0x00000000ebe00000)
  from space 8192K, 98% used [0x00000000ec700000,0x00000000eced94b8,0x00000000ecf00000)
  to   space 8192K, 0% used [0x00000000ebf00000,0x00000000ebf00000,0x00000000ec700000)
 ParOldGen       total 357888K, used 301800K [0x00000000c0000000, 0x00000000d5d80000, 0x00000000eab00000)
  object space 357888K, 84% used [0x00000000c0000000,0x00000000d26ba1c8,0x00000000d5d80000)
 Metaspace       used 68896K, committed 69952K, reserved 1114112K
  class space    used 7579K, committed 8064K, reserved 1048576K
}
Event: 10,405 GC heap before
{Heap before GC invocations=110 (full 7):
 PSYoungGen      total 27648K, used 27493K [0x00000000eab00000, 0x00000000ecf00000, 0x0000000100000000)
  eden space 19456K, 100% used [0x00000000eab00000,0x00000000ebe00000,0x00000000ebe00000)
  from space 8192K, 98% used [0x00000000ec700000,0x00000000eced94b8,0x00000000ecf00000)
  to   space 8192K, 0% used [0x00000000ebf00000,0x00000000ebf00000,0x00000000ec700000)
 ParOldGen       total 357888K, used 301800K [0x00000000c0000000, 0x00000000d5d80000, 0x00000000eab00000)
  object space 357888K, 84% used [0x00000000c0000000,0x00000000d26ba1c8,0x00000000d5d80000)
 Metaspace       used 68896K, committed 69952K, reserved 1114112K
  class space    used 7579K, committed 8064K, reserved 1048576K
}
Event: 10,408 GC heap after
{Heap after GC invocations=110 (full 7):
 PSYoungGen      total 28672K, used 8189K [0x00000000eab00000, 0x00000000eda00000, 0x0000000100000000)
  eden space 20480K, 0% used [0x00000000eab00000,0x00000000eab00000,0x00000000ebf00000)
  from space 8192K, 99% used [0x00000000ebf00000,0x00000000ec6ff448,0x00000000ec700000)
  to   space 13312K, 0% used [0x00000000ecd00000,0x00000000ecd00000,0x00000000eda00000)
 ParOldGen       total 357888K, used 306030K [0x00000000c0000000, 0x00000000d5d80000, 0x00000000eab00000)
  object space 357888K, 85% used [0x00000000c0000000,0x00000000d2adb990,0x00000000d5d80000)
 Metaspace       used 68896K, committed 69952K, reserved 1114112K
  class space    used 7579K, committed 8064K, reserved 1048576K
}
Event: 10,443 GC heap before
{Heap before GC invocations=111 (full 7):
 PSYoungGen      total 28672K, used 28669K [0x00000000eab00000, 0x00000000eda00000, 0x0000000100000000)
  eden space 20480K, 100% used [0x00000000eab00000,0x00000000ebf00000,0x00000000ebf00000)
  from space 8192K, 99% used [0x00000000ebf00000,0x00000000ec6ff448,0x00000000ec700000)
  to   space 13312K, 0% used [0x00000000ecd00000,0x00000000ecd00000,0x00000000eda00000)
 ParOldGen       total 357888K, used 306030K [0x00000000c0000000, 0x00000000d5d80000, 0x00000000eab00000)
  object space 357888K, 85% used [0x00000000c0000000,0x00000000d2adb990,0x00000000d5d80000)
 Metaspace       used 68896K, committed 69952K, reserved 1114112K
  class space    used 7579K, committed 8064K, reserved 1048576K
}
Event: 10,447 GC heap after
{Heap after GC invocations=111 (full 7):
 PSYoungGen      total 27648K, used 4989K [0x00000000eab00000, 0x00000000ed200000, 0x0000000100000000)
  eden space 22528K, 0% used [0x00000000eab00000,0x00000000eab00000,0x00000000ec100000)
  from space 5120K, 97% used [0x00000000ecd00000,0x00000000ed1df748,0x00000000ed200000)
  to   space 8192K, 0% used [0x00000000ec200000,0x00000000ec200000,0x00000000eca00000)
 ParOldGen       total 357888K, used 314257K [0x00000000c0000000, 0x00000000d5d80000, 0x00000000eab00000)
  object space 357888K, 87% used [0x00000000c0000000,0x00000000d32e46b0,0x00000000d5d80000)
 Metaspace       used 68896K, committed 69952K, reserved 1114112K
  class space    used 7579K, committed 8064K, reserved 1048576K
}
Event: 10,477 GC heap before
{Heap before GC invocations=112 (full 7):
 PSYoungGen      total 27648K, used 27517K [0x00000000eab00000, 0x00000000ed200000, 0x0000000100000000)
  eden space 22528K, 100% used [0x00000000eab00000,0x00000000ec100000,0x00000000ec100000)
  from space 5120K, 97% used [0x00000000ecd00000,0x00000000ed1df748,0x00000000ed200000)
  to   space 8192K, 0% used [0x00000000ec200000,0x00000000ec200000,0x00000000eca00000)
 ParOldGen       total 357888K, used 314257K [0x00000000c0000000, 0x00000000d5d80000, 0x00000000eab00000)
  object space 357888K, 87% used [0x00000000c0000000,0x00000000d32e46b0,0x00000000d5d80000)
 Metaspace       used 68896K, committed 69952K, reserved 1114112K
  class space    used 7579K, committed 8064K, reserved 1048576K
}
Event: 10,480 GC heap after
{Heap after GC invocations=112 (full 7):
 PSYoungGen      total 31744K, used 8184K [0x00000000eab00000, 0x00000000edb80000, 0x0000000100000000)
  eden space 23552K, 0% used [0x00000000eab00000,0x00000000eab00000,0x00000000ec200000)
  from space 8192K, 99% used [0x00000000ec200000,0x00000000ec9fe190,0x00000000eca00000)
  to   space 12288K, 0% used [0x00000000ecf80000,0x00000000ecf80000,0x00000000edb80000)
 ParOldGen       total 357888K, used 317049K [0x00000000c0000000, 0x00000000d5d80000, 0x00000000eab00000)
  object space 357888K, 88% used [0x00000000c0000000,0x00000000d359e728,0x00000000d5d80000)
 Metaspace       used 68896K, committed 69952K, reserved 1114112K
  class space    used 7579K, committed 8064K, reserved 1048576K
}
Event: 10,501 GC heap before
{Heap before GC invocations=113 (full 7):
 PSYoungGen      total 31744K, used 31736K [0x00000000eab00000, 0x00000000edb80000, 0x0000000100000000)
  eden space 23552K, 100% used [0x00000000eab00000,0x00000000ec200000,0x00000000ec200000)
  from space 8192K, 99% used [0x00000000ec200000,0x00000000ec9fe190,0x00000000eca00000)
  to   space 12288K, 0% used [0x00000000ecf80000,0x00000000ecf80000,0x00000000edb80000)
 ParOldGen       total 357888K, used 317049K [0x00000000c0000000, 0x00000000d5d80000, 0x00000000eab00000)
  object space 357888K, 88% used [0x00000000c0000000,0x00000000d359e728,0x00000000d5d80000)
 Metaspace       used 68896K, committed 69952K, reserved 1114112K
  class space    used 7579K, committed 8064K, reserved 1048576K
}
Event: 10,505 GC heap after
{Heap after GC invocations=113 (full 7):
 PSYoungGen      total 33792K, used 7010K [0x00000000eab00000, 0x00000000ed680000, 0x0000000100000000)
  eden space 26624K, 0% used [0x00000000eab00000,0x00000000eab00000,0x00000000ec500000)
  from space 7168K, 97% used [0x00000000ecf80000,0x00000000ed658820,0x00000000ed680000)
  to   space 8704K, 0% used [0x00000000ec580000,0x00000000ec580000,0x00000000ece00000)
 ParOldGen       total 357888K, used 325208K [0x00000000c0000000, 0x00000000d5d80000, 0x00000000eab00000)
  object space 357888K, 90% used [0x00000000c0000000,0x00000000d3d963d8,0x00000000d5d80000)
 Metaspace       used 68896K, committed 69952K, reserved 1114112K
  class space    used 7579K, committed 8064K, reserved 1048576K
}
Event: 10,515 GC heap before
{Heap before GC invocations=114 (full 7):
 PSYoungGen      total 33792K, used 33634K [0x00000000eab00000, 0x00000000ed680000, 0x0000000100000000)
  eden space 26624K, 100% used [0x00000000eab00000,0x00000000ec500000,0x00000000ec500000)
  from space 7168K, 97% used [0x00000000ecf80000,0x00000000ed658820,0x00000000ed680000)
  to   space 8704K, 0% used [0x00000000ec580000,0x00000000ec580000,0x00000000ece00000)
 ParOldGen       total 357888K, used 325208K [0x00000000c0000000, 0x00000000d5d80000, 0x00000000eab00000)
  object space 357888K, 90% used [0x00000000c0000000,0x00000000d3d963d8,0x00000000d5d80000)
 Metaspace       used 68896K, committed 69952K, reserved 1114112K
  class space    used 7579K, committed 8064K, reserved 1048576K
}
Event: 10,519 GC heap after
{Heap after GC invocations=114 (full 7):
 PSYoungGen      total 35840K, used 8698K [0x00000000eab00000, 0x00000000eed80000, 0x0000000100000000)
  eden space 27136K, 0% used [0x00000000eab00000,0x00000000eab00000,0x00000000ec580000)
  from space 8704K, 99% used [0x00000000ec580000,0x00000000ecdfea98,0x00000000ece00000)
  to   space 18944K, 0% used [0x00000000edb00000,0x00000000edb00000,0x00000000eed80000)
 ParOldGen       total 357888K, used 333344K [0x00000000c0000000, 0x00000000d5d80000, 0x00000000eab00000)
  object space 357888K, 93% used [0x00000000c0000000,0x00000000d45881c8,0x00000000d5d80000)
 Metaspace       used 68896K, committed 69952K, reserved 1114112K
  class space    used 7579K, committed 8064K, reserved 1048576K
}
Event: 10,532 GC heap before
{Heap before GC invocations=115 (full 7):
 PSYoungGen      total 35840K, used 35834K [0x00000000eab00000, 0x00000000eed80000, 0x0000000100000000)
  eden space 27136K, 100% used [0x00000000eab00000,0x00000000ec580000,0x00000000ec580000)
  from space 8704K, 99% used [0x00000000ec580000,0x00000000ecdfea98,0x00000000ece00000)
  to   space 18944K, 0% used [0x00000000edb00000,0x00000000edb00000,0x00000000eed80000)
 ParOldGen       total 357888K, used 333344K [0x00000000c0000000, 0x00000000d5d80000, 0x00000000eab00000)
  object space 357888K, 93% used [0x00000000c0000000,0x00000000d45881c8,0x00000000d5d80000)
 Metaspace       used 68896K, committed 69952K, reserved 1114112K
  class space    used 7579K, committed 8064K, reserved 1048576K
}
Event: 10,535 GC heap after
{Heap after GC invocations=115 (full 7):
 PSYoungGen      total 41472K, used 10476K [0x00000000eab00000, 0x00000000ee580000, 0x0000000100000000)
  eden space 30720K, 0% used [0x00000000eab00000,0x00000000eab00000,0x00000000ec900000)
  from space 10752K, 97% used [0x00000000edb00000,0x00000000ee53b1d0,0x00000000ee580000)
  to   space 12800K, 0% used [0x00000000ecc80000,0x00000000ecc80000,0x00000000ed900000)
 ParOldGen       total 357888K, used 341784K [0x00000000c0000000, 0x00000000d5d80000, 0x00000000eab00000)
  object space 357888K, 95% used [0x00000000c0000000,0x00000000d4dc6030,0x00000000d5d80000)
 Metaspace       used 68896K, committed 69952K, reserved 1114112K
  class space    used 7579K, committed 8064K, reserved 1048576K
}
Event: 10,773 GC heap before
{Heap before GC invocations=116 (full 7):
 PSYoungGen      total 41472K, used 41196K [0x00000000eab00000, 0x00000000ee580000, 0x0000000100000000)
  eden space 30720K, 100% used [0x00000000eab00000,0x00000000ec900000,0x00000000ec900000)
  from space 10752K, 97% used [0x00000000edb00000,0x00000000ee53b1d0,0x00000000ee580000)
  to   space 12800K, 0% used [0x00000000ecc80000,0x00000000ecc80000,0x00000000ed900000)
 ParOldGen       total 357888K, used 341784K [0x00000000c0000000, 0x00000000d5d80000, 0x00000000eab00000)
  object space 357888K, 95% used [0x00000000c0000000,0x00000000d4dc6030,0x00000000d5d80000)
 Metaspace       used 68909K, committed 69952K, reserved 1114112K
  class space    used 7579K, committed 8064K, reserved 1048576K
}
Event: 10,778 GC heap after
{Heap after GC invocations=116 (full 7):
 PSYoungGen      total 47104K, used 12779K [0x00000000eab00000, 0x00000000f0380000, 0x0000000100000000)
  eden space 34304K, 0% used [0x00000000eab00000,0x00000000eab00000,0x00000000ecc80000)
  from space 12800K, 99% used [0x00000000ecc80000,0x00000000ed8faf08,0x00000000ed900000)
  to   space 28160K, 0% used [0x00000000ee800000,0x00000000ee800000,0x00000000f0380000)
 ParOldGen       total 357888K, used 354253K [0x00000000c0000000, 0x00000000d5d80000, 0x00000000eab00000)
  object space 357888K, 98% used [0x00000000c0000000,0x00000000d59f3668,0x00000000d5d80000)
 Metaspace       used 68909K, committed 69952K, reserved 1114112K
  class space    used 7579K, committed 8064K, reserved 1048576K
}
Event: 10,778 GC heap before
{Heap before GC invocations=117 (full 8):
 PSYoungGen      total 47104K, used 12779K [0x00000000eab00000, 0x00000000f0380000, 0x0000000100000000)
  eden space 34304K, 0% used [0x00000000eab00000,0x00000000eab00000,0x00000000ecc80000)
  from space 12800K, 99% used [0x00000000ecc80000,0x00000000ed8faf08,0x00000000ed900000)
  to   space 28160K, 0% used [0x00000000ee800000,0x00000000ee800000,0x00000000f0380000)
 ParOldGen       total 357888K, used 354253K [0x00000000c0000000, 0x00000000d5d80000, 0x00000000eab00000)
  object space 357888K, 98% used [0x00000000c0000000,0x00000000d59f3668,0x00000000d5d80000)
 Metaspace       used 68909K, committed 69952K, reserved 1114112K
  class space    used 7579K, committed 8064K, reserved 1048576K
}

