# JRE version: OpenJDK Runtime Environment (11.0.14+9) (build 11.0.14+9-Ubuntu-0ubuntu2.20.04)
# Java VM: OpenJDK 64-Bit Server VM (11.0.14+9-Ubuntu-0ubuntu2.20.04, mixed mode, sharing, tiered, compressed oops, g1 gc, linux-amd64)
Heap:
 garbage-first heap   total 256000K, used 99597K [0x0000000708400000, 0x0000000800000000)
  region size 1024K, 88 young (90112K), 9 survivors (9216K)
 Metaspace       used 56115K, capacity 57908K, committed 58032K, reserved 1099776K
  class space    used 7622K, capacity 8357K, committed 8448K, reserved 1048576K
GC Heap History (8 events):
Event: 0,391 GC heap before
{Heap before GC invocations=0 (full 0):
 garbage-first heap   total 256000K, used 26312K [0x0000000708400000, 0x0000000800000000)
  region size 1024K, 24 young (24576K), 0 survivors (0K)
 Metaspace       used 4469K, capacity 6589K, committed 6656K, reserved 1056768K
  class space    used 527K, capacity 763K, committed 768K, reserved 1048576K
}
Event: 0,399 GC heap after
{Heap after GC invocations=1 (full 0):
 garbage-first heap   total 256000K, used 7021K [0x0000000708400000, 0x0000000800000000)
  region size 1024K, 3 young (3072K), 3 survivors (3072K)
 Metaspace       used 4469K, capacity 6589K, committed 6656K, reserved 1056768K
  class space    used 527K, capacity 763K, committed 768K, reserved 1048576K
}
Event: 1,665 GC heap before
{Heap before GC invocations=1 (full 0):
 garbage-first heap   total 256000K, used 114541K [0x0000000708400000, 0x0000000800000000)
  region size 1024K, 109 young (111616K), 3 survivors (3072K)
 Metaspace       used 20276K, capacity 21168K, committed 21296K, reserved 1067008K
  class space    used 2537K, capacity 2896K, committed 2944K, reserved 1048576K
}
Event: 1,675 GC heap after
{Heap after GC invocations=2 (full 0):
 garbage-first heap   total 256000K, used 11462K [0x0000000708400000, 0x0000000800000000)
  region size 1024K, 8 young (8192K), 8 survivors (8192K)
 Metaspace       used 20276K, capacity 21168K, committed 21296K, reserved 1067008K
  class space    used 2537K, capacity 2896K, committed 2944K, reserved 1048576K
}
Event: 2,822 GC heap before
{Heap before GC invocations=3 (full 0):
 garbage-first heap   total 256000K, used 110790K [0x0000000708400000, 0x0000000800000000)
  region size 1024K, 106 young (108544K), 8 survivors (8192K)
 Metaspace       used 34414K, capacity 35637K, committed 35888K, reserved 1081344K
  class space    used 4485K, capacity 4981K, committed 4992K, reserved 1048576K
}
Event: 2,854 GC heap after
{Heap after GC invocations=4 (full 0):
 garbage-first heap   total 256000K, used 16077K [0x0000000708400000, 0x0000000800000000)
  region size 1024K, 9 young (9216K), 9 survivors (9216K)
 Metaspace       used 34414K, capacity 35637K, committed 35888K, reserved 1081344K
  class space    used 4485K, capacity 4981K, committed 4992K, reserved 1048576K
}
Event: 4,064 GC heap before
{Heap before GC invocations=5 (full 0):
 garbage-first heap   total 256000K, used 135885K [0x0000000708400000, 0x0000000800000000)
  region size 1024K, 126 young (129024K), 9 survivors (9216K)
 Metaspace       used 51651K, capacity 53309K, committed 53424K, reserved 1095680K
  class space    used 7012K, capacity 7669K, committed 7680K, reserved 1048576K
}
Event: 4,076 GC heap after
{Heap after GC invocations=6 (full 0):
 garbage-first heap   total 256000K, used 19725K [0x0000000708400000, 0x0000000800000000)
  region size 1024K, 9 young (9216K), 9 survivors (9216K)
 Metaspace       used 51651K, capacity 53309K, committed 53424K, reserved 1095680K
  class space    used 7012K, capacity 7669K, committed 7680K, reserved 1048576K
}

